<?xml version="1.0" encoding="UTF-8"?>
<testsuites name="jest tests" tests="9" failures="0" errors="0" time="9.428">
  <testsuite name="undefined" errors="0" failures="0" skipped="0" timestamp="2025-03-24T22:33:15" time="9.091" tests="9">
    <testcase classname=" Snapshot" name=" Snapshot" time="0.17">
    </testcase>
    <testcase classname=" LARGE" name=" LARGE" time="0.026">
    </testcase>
    <testcase classname=" XLARGE" name=" XLARGE" time="0.026">
    </testcase>
    <testcase classname=" XLARGE2" name=" XLARGE2" time="0.034">
    </testcase>
    <testcase classname=" XLARGE4" name=" XLARGE4" time="0.025">
    </testcase>
    <testcase classname=" ARM64" name=" ARM64" time="0.016">
    </testcase>
    <testcase classname=" X86" name=" X86" time="0.023">
    </testcase>
    <testcase classname=" BadSize" name=" BadSize" time="0.017">
    </testcase>
    <testcase classname=" BadCPU" name=" BadCPU" time="0.003">
    </testcase>
  </testsuite>
</testsuites>